     1                                  [org 0x0100]
     2                                  
     3 00000000 E90900                  jmp start       
     4                                  
     5 00000003 0300050007000600        data: dw   3, 5, 7, 6
     6 0000000B 00                      swap: db   0    ; use this as a flag 
     7                                  
     8                                  start: 
     9                                       ; mov  cx, 4                          ; make 10 passes, has to be outside the loop! 
    10                                  
    11                                      outerloop: 
    12 0000000C BB0000                          mov  bx, 0    
    13 0000000F C606[0B00]00                    mov  byte [swap], 0             ; why the "byte"? 
    14                                          
    15                                          innerloop: 
    16 00000014 8B87[0300]                          mov  ax, [data + bx]
    17 00000018 3B87[0500]                          cmp  ax, [data + bx + 2]    ; why did we move the value to AX? 
    18                                              
    19 0000001C 7611                                jbe  noswap                 ; if we don't have to swap, we just jump over the swap thing 
    20                                  
    21                                                  ; the swap potion 
    22 0000001E 8B97[0500]                              mov  dx, [data + bx + 2]
    23 00000022 8987[0500]                              mov  [data + bx + 2], ax    ; again with the AX? 
    24 00000026 8997[0300]                              mov  [data + bx], dx
    25 0000002A C606[0B00]01                            mov  byte [swap], 1 
    26                                  
    27                                              noswap:
    28 0000002F 81C30200                            add  bx, 2
    29 00000033 81FB0600                            cmp  bx, 6
    30 00000037 75DB                                jne  innerloop
    31                                  
    32                                          ; if we didn't swap even once, we should be done 
    33 00000039 803E[0B00]01                    cmp  byte [swap], 1     ; don't need to load this in register?
    34 0000003E 74CC                            je   outerloop 
    35                                  
    36                                          ; check outer loop termination 
    37                                          ; sub cx, 1 
    38                                          ; jnz outerloop 
    39                                  
    40                                  
    41                                      ; exit system call 
    42 00000040 B8004C                      mov  ax, 0x4c00
    43 00000043 CD21                        int  0x21
    44                                  
    45                                  
    46                                  
